2025-04-18 09:51:17,544 - INFO - 3 devices connected.
2025-04-18 09:57:35,896 - INFO - 3 devices connected.
2025-04-18 10:00:36,413 - INFO - 3 devices connected.
2025-04-18 10:00:38,814 - INFO - 3 devices connected.
2025-04-18 10:00:41,693 - WARNING - 10.0.0.195:5555 is already connected.
2025-04-18 10:00:45,065 - INFO - 3 devices connected.
2025-04-18 10:00:52,831 - WARNING - 10.0.0.195:5555 is already connected.
2025-04-18 10:00:55,239 - WARNING - 10.0.0.111:5188 is already connected.
2025-04-18 10:00:58,033 - INFO - 3 devices connected.
2025-04-18 10:01:00,552 - WARNING - No device selected
2025-04-18 10:01:04,003 - INFO - Disconnected 10.0.0.111:5188 successfully
2025-04-18 10:01:07,675 - INFO - 2 devices connected.
2025-04-18 10:01:11,670 - WARNING - connected to 10.0.0.111:5188
2025-04-18 10:01:11,670 - INFO - 3 devices connected.
2025-04-18 10:07:21,023 - INFO - 3 devices connected.
2025-04-18 10:07:31,805 - INFO - Device info for 10.0.0.111:5188:
{
    "Model": "B13",
    "Brand": "BTV",
    "Android Version": "11",
    "Serial Number": "565eeb67ab0cf54644bd765c680ab0b2",
    "SDK Version": "30",
    "CPU Architecture": "armeabi-v7a",
    "Hardware": "amlogic",
    "Storage": "Filesystem          Size  Used Avail Use% Mounted on\n/dev/block/userdata  11G   10G  1.5G  87% /storage/emulated/0/Android/obb",
    "Total Memory": "MemTotal:        2038268 kB",
    "Available Memory": "MemAvailable:     715084 kB",
    "Resolution": "Physical size: 1920x1080",
    "Density": "Physical density: 240",
    "Timezone": "America/Recife",
    "Mac": "7: wlan0: <NO-CARRIER,BROADCAST,MULTICAST,UP> mtu 1500 qdisc pfifo_fast state DOWN group default qlen 1000\n    link/ether e0:75:26:14:9b:be brd ff:ff:ff:ff:ff:ff"
}
2025-04-18 10:07:31,808 - INFO - Device info for 10.0.0.195:5555:
{
    "Model": "MIBOX4",
    "Brand": "Xiaomi",
    "Android Version": "12",
    "Serial Number": "18762280641696",
    "SDK Version": "31",
    "CPU Architecture": "armeabi-v7a",
    "Hardware": "amlogic",
    "Storage": "Filesystem          Size Used Avail Use% Mounted on\n/dev/block/userdata 5.0G 3.2G  1.7G  65% /data/user/0",
    "Total Memory": "MemTotal:        1982892 kB",
    "Available Memory": "MemAvailable:     767252 kB",
    "Resolution": "Physical size: 1920x1080",
    "Density": "Physical density: 320",
    "Timezone": "Asia/Singapore",
    "Mac": "6: wlan0: <BROADCAST,MULTICAST,UP,LOWER_UP> mtu 1500 qdisc pfifo_fast state UP group default qlen 1000\n    link/ether ec:fa:5c:94:8a:07 brd ff:ff:ff:ff:ff:ff\n    inet 10.0.0.195/24 brd 10.0.0.255 scope global wlan0\n       valid_lft forever preferred_lft forever\n    inet6 fe80::a98c:81d8:534b:f4f5/64 scope link stable-privacy \n       valid_lft forever preferred_lft forever"
}
2025-04-18 10:07:52,127 - INFO - Device info for 10.0.0.195:5555:
{
    "Model": "MIBOX4",
    "Brand": "Xiaomi",
    "Android Version": "12",
    "Serial Number": "18762280641696",
    "SDK Version": "31",
    "CPU Architecture": "armeabi-v7a",
    "Hardware": "amlogic",
    "Storage": "Filesystem          Size Used Avail Use% Mounted on\n/dev/block/userdata 5.0G 3.2G  1.7G  65% /data/user/0",
    "Total Memory": "MemTotal:        1982892 kB",
    "Available Memory": "MemAvailable:     777352 kB",
    "Resolution": "Physical size: 1920x1080",
    "Density": "Physical density: 320",
    "Timezone": "Asia/Singapore",
    "Mac": "6: wlan0: <BROADCAST,MULTICAST,UP,LOWER_UP> mtu 1500 qdisc pfifo_fast state UP group default qlen 1000\n    link/ether ec:fa:5c:94:8a:07 brd ff:ff:ff:ff:ff:ff\n    inet 10.0.0.195/24 brd 10.0.0.255 scope global wlan0\n       valid_lft forever preferred_lft forever\n    inet6 fe80::a98c:81d8:534b:f4f5/64 scope link stable-privacy \n       valid_lft forever preferred_lft forever"
}
2025-04-18 10:07:57,159 - INFO - Device info for 10.0.0.195:5555:
{
    "Model": "MIBOX4",
    "Brand": "Xiaomi",
    "Android Version": "12",
    "Serial Number": "18762280641696",
    "SDK Version": "31",
    "CPU Architecture": "armeabi-v7a",
    "Hardware": "amlogic",
    "Storage": "Filesystem          Size Used Avail Use% Mounted on\n/dev/block/userdata 5.0G 3.2G  1.7G  65% /data/user/0",
    "Total Memory": "MemTotal:        1982892 kB",
    "Available Memory": "MemAvailable:     776052 kB",
    "Resolution": "Physical size: 1920x1080",
    "Density": "Physical density: 320",
    "Timezone": "Asia/Singapore",
    "Mac": "6: wlan0: <BROADCAST,MULTICAST,UP,LOWER_UP> mtu 1500 qdisc pfifo_fast state UP group default qlen 1000\n    link/ether ec:fa:5c:94:8a:07 brd ff:ff:ff:ff:ff:ff\n    inet 10.0.0.195/24 brd 10.0.0.255 scope global wlan0\n       valid_lft forever preferred_lft forever\n    inet6 fe80::a98c:81d8:534b:f4f5/64 scope link stable-privacy \n       valid_lft forever preferred_lft forever"
}
2025-04-18 10:08:08,893 - INFO - 3 devices connected.
2025-04-18 10:08:12,792 - ERROR - IP address cannot be empty.
2025-04-18 10:37:26,476 - INFO - 3 devices connected.
2025-04-18 10:37:31,897 - INFO - 3 devices connected.
2025-04-18 10:39:56,356 - INFO - 3 devices connected.
2025-04-18 10:41:51,283 - INFO - 3 devices connected.
2025-04-18 10:42:39,963 - INFO - 3 devices connected.
2025-04-18 10:42:57,338 - ERROR - IP address cannot be empty.
2025-04-18 10:42:59,058 - ERROR - IP address cannot be empty.
2025-04-18 10:43:01,292 - WARNING - 10.0.0.111:5188 is already connected.
2025-04-18 10:43:08,916 - INFO - Device info for 10.0.0.111:5188:
{
    "Model": "B13",
    "Brand": "BTV",
    "Android Version": "11",
    "Serial Number": "565eeb67ab0cf54644bd765c680ab0b2",
    "SDK Version": "30",
    "CPU Architecture": "armeabi-v7a",
    "Hardware": "amlogic",
    "Storage": "Filesystem          Size  Used Avail Use% Mounted on\n/dev/block/userdata  11G   10G  1.5G  87% /storage/emulated/0/Android/obb",
    "Total Memory": "MemTotal:        2038268 kB",
    "Available Memory": "MemAvailable:     760184 kB",
    "Resolution": "Physical size: 1920x1080",
    "Density": "Physical density: 240",
    "Timezone": "America/Recife",
    "Mac": "7: wlan0: <NO-CARRIER,BROADCAST,MULTICAST,UP> mtu 1500 qdisc pfifo_fast state DOWN group default qlen 1000\n    link/ether e0:75:26:14:9b:be brd ff:ff:ff:ff:ff:ff"
}
2025-04-18 10:43:08,917 - INFO - Device info for 10.0.0.195:5555:
{
    "Model": "MIBOX4",
    "Brand": "Xiaomi",
    "Android Version": "12",
    "Serial Number": "18762280641696",
    "SDK Version": "31",
    "CPU Architecture": "armeabi-v7a",
    "Hardware": "amlogic",
    "Storage": "Filesystem          Size Used Avail Use% Mounted on\n/dev/block/userdata 5.0G 3.2G  1.7G  65% /data/user/0",
    "Total Memory": "MemTotal:        1982892 kB",
    "Available Memory": "MemAvailable:     756552 kB",
    "Resolution": "Physical size: 1920x1080",
    "Density": "Physical density: 320",
    "Timezone": "Asia/Singapore",
    "Mac": "6: wlan0: <BROADCAST,MULTICAST,UP,LOWER_UP> mtu 1500 qdisc pfifo_fast state UP group default qlen 1000\n    link/ether ec:fa:5c:94:8a:07 brd ff:ff:ff:ff:ff:ff\n    inet 10.0.0.195/24 brd 10.0.0.255 scope global wlan0\n       valid_lft forever preferred_lft forever\n    inet6 fe80::a98c:81d8:534b:f4f5/64 scope link stable-privacy \n       valid_lft forever preferred_lft forever"
}
2025-04-18 14:04:26,773 - INFO - 3 devices connected.
2025-04-18 14:29:43,453 - INFO - 3 devices connected.
2025-04-18 14:52:23,454 - INFO - 3 devices connected.
2025-04-18 14:58:42,905 - INFO - 3 devices connected.
2025-04-18 15:02:21,112 - INFO - 3 devices connected.
2025-04-18 15:03:34,618 - INFO - 3 devices connected.
2025-04-18 15:03:46,590 - INFO - 3 devices connected.
2025-04-18 15:07:09,630 - INFO - 3 devices connected.
2025-04-18 15:11:12,000 - INFO - 3 devices connected.
2025-04-18 15:11:20,765 - INFO - 3 devices connected.
2025-04-18 15:23:03,531 - INFO - 3 devices connected.
2025-04-18 15:23:26,173 - INFO - 3 devices connected.
2025-04-18 15:23:36,327 - INFO - 3 devices connected.
2025-04-18 15:23:57,100 - INFO - 3 devices connected.
2025-04-18 15:26:33,034 - INFO - 3 devices connected.
2025-04-18 15:28:56,702 - INFO - 3 devices connected.
2025-04-18 15:29:13,283 - INFO - 3 devices connected.
2025-04-18 15:30:46,863 - INFO - 3 devices connected.
2025-04-18 15:31:39,955 - INFO - 3 devices connected.
2025-04-18 15:34:39,784 - INFO - 3 devices connected.
2025-04-18 15:35:56,132 - INFO - 3 devices connected.
2025-04-18 15:37:51,898 - INFO - 3 devices connected.
2025-04-18 15:38:30,878 - INFO - 3 devices connected.
2025-04-18 15:38:46,835 - INFO - 3 devices connected.
2025-04-18 15:39:00,632 - INFO - 3 devices connected.
2025-04-18 15:39:42,669 - INFO - 3 devices connected.
2025-04-18 15:51:49,992 - INFO - 3 devices connected.
2025-04-18 15:51:57,940 - INFO - Restarting 10.0.0.111:5188
2025-04-18 15:51:57,941 - INFO - 10.0.0.111:5188 restarted
2025-04-18 16:04:09,016 - INFO - 3 devices connected.
2025-04-18 16:04:17,649 - INFO - Restarting ADB
2025-04-18 16:04:17,649 - INFO - ADB restarted List of devices attached
4f5ddfa30000	unauthorized
RFCW71D91SP	device
ZT322KPNPX	unauthorized
2025-04-18 16:04:49,205 - INFO - 3 devices connected.
2025-04-18 16:06:44,822 - INFO - 3 devices connected.
2025-04-18 16:06:48,127 - WARNING - No devices selected
2025-04-18 16:06:55,689 - INFO - Restarting ADB
2025-04-18 16:06:55,690 - INFO - ADB restarted 
2025-04-18 16:06:59,017 - INFO - 3 devices connected.
2025-04-18 16:07:29,242 - WARNING - No devices selected
2025-04-18 16:07:35,821 - INFO - Restarting ADB
2025-04-18 16:07:35,822 - INFO - ADB restarted 
2025-04-18 16:58:11,240 - INFO - 3 devices connected.
2025-04-18 22:04:52,843 - WARNING - No devices connected.
2025-04-18 22:05:00,492 - ERROR - IP address cannot be empty.
2025-04-18 22:05:02,078 - WARNING - No devices connected.
2025-04-18 22:05:05,838 - WARNING - Please select at least one device
2025-04-18 22:05:13,076 - WARNING - No device selected
2025-04-18 22:05:14,552 - WARNING - No devices selected
2025-04-18 22:05:20,206 - INFO - Restarting ADB
2025-04-18 22:05:20,206 - INFO - ADB restarted 
2025-04-18 22:05:25,178 - INFO - Restarting ADB
2025-04-18 22:05:25,178 - INFO - ADB restarted 
2025-04-18 22:05:28,904 - WARNING - No devices connected.
2025-04-19 13:58:22,655 - WARNING - No devices connected.
2025-04-19 13:58:25,226 - WARNING - No devices connected.
2025-04-19 13:58:25,725 - WARNING - No devices connected.
2025-04-19 13:58:25,982 - WARNING - No devices connected.
2025-04-19 13:58:26,298 - WARNING - No devices connected.
2025-04-19 14:04:14,513 - WARNING - No devices connected.
2025-04-19 14:04:36,895 - WARNING - No devices connected.
2025-04-19 14:05:04,350 - WARNING - No devices connected.
2025-04-19 14:05:16,173 - WARNING - Please select at least one device
2025-04-19 14:05:16,782 - WARNING - Please select at least one device
2025-04-19 14:05:17,155 - WARNING - Please select at least one device
2025-04-19 14:05:38,573 - WARNING - No devices connected.
2025-04-19 14:05:49,092 - WARNING - Please select at least one device
2025-04-19 15:23:18,345 - WARNING - No devices connected.
2025-04-19 15:23:55,950 - WARNING - No devices connected.
2025-04-19 15:25:27,223 - WARNING - No devices connected.
2025-04-19 15:25:30,999 - WARNING - No devices connected.
2025-04-19 15:25:56,265 - WARNING - No devices connected.
2025-04-19 15:26:01,170 - WARNING - No devices connected.
2025-04-19 15:27:17,311 - WARNING - No devices connected.
2025-04-19 15:27:20,310 - WARNING - No devices connected.
2025-04-19 15:30:39,565 - WARNING - No devices connected.
2025-04-19 15:31:45,831 - WARNING - No devices connected.
2025-04-19 15:36:17,278 - WARNING - No devices connected.
2025-04-19 15:36:38,413 - WARNING - No devices connected.
2025-04-19 15:37:48,398 - WARNING - No devices connected.
2025-04-19 15:39:59,615 - WARNING - No devices connected.
2025-04-19 15:52:18,795 - WARNING - No devices connected.
2025-04-19 15:53:15,706 - WARNING - No devices connected.
2025-04-19 15:53:39,598 - WARNING - No devices connected.
2025-04-19 15:54:29,374 - WARNING - No devices connected.
2025-04-19 15:55:10,782 - WARNING - No devices connected.
2025-04-19 15:55:29,880 - WARNING - No devices connected.
2025-04-21 09:00:43,132 - INFO - 3 devices connected.
2025-04-21 09:00:45,865 - INFO - 3 devices connected.
2025-04-21 09:00:54,572 - INFO - 3 devices connected.
2025-04-21 09:00:55,309 - WARNING - Please select at least one device
2025-04-21 09:00:57,444 - WARNING - No device selected
2025-04-21 09:01:00,240 - WARNING - No devices selected
2025-04-21 09:11:06,988 - INFO - 3 devices connected.
2025-04-21 09:11:39,540 - INFO - 3 devices connected.
2025-04-21 09:12:11,272 - INFO - 3 devices connected.
2025-04-21 09:42:50,626 - INFO - 3 devices connected.
2025-04-21 09:42:54,870 - INFO - 3 devices connected.
2025-04-21 09:42:56,264 - WARNING - Please select at least one device
2025-04-21 09:43:00,890 - INFO - Device info for ZT322KPNPX:
{
    "Model": "moto g24",
    "Brand": "motorola",
    "Android Version": "14",
    "Serial Number": "ZT322KPNPX",
    "SDK Version": "34",
    "CPU Architecture": "arm64-v8a",
    "Hardware": "mt6768",
    "Storage": "Filesystem       Size Used Avail Use% Mounted on\n/dev/block/dm-61 106G  13G   93G  12% /storage/emulated/0/Android/obb",
    "Total Memory": "MemTotal:        7978932 kB",
    "Available Memory": "MemAvailable:    5473996 kB",
    "Resolution": "Physical size: 720x1612",
    "Density": "Physical density: 280",
    "Timezone": "Asia/Shanghai",
    "Mac": "37: wlan0: <BROADCAST,MULTICAST,UP,LOWER_UP> mtu 1500 qdisc mq state UP group default qlen 3000\n    link/ether 0a:54:5e:28:9b:65 brd ff:ff:ff:ff:ff:ff\n    inet 10.0.0.249/24 brd 10.0.0.255 scope global wlan0\n       valid_lft forever preferred_lft forever\n    inet6 fe80::854:5eff:fe28:9b65/64 scope link \n       valid_lft forever preferred_lft forever"
}
2025-04-21 09:44:36,670 - INFO - 3 devices connected.
2025-04-21 09:45:09,389 - INFO - 3 devices connected.
2025-04-21 09:49:32,351 - INFO - 3 devices connected.
2025-04-21 09:49:56,464 - INFO - 3 devices connected.
2025-04-21 09:50:00,218 - ERROR - IP address cannot be empty.
2025-04-21 09:52:38,920 - INFO - 3 devices connected.
2025-04-21 13:58:55,760 - INFO - 3 devices connected.
2025-04-21 13:59:00,800 - ERROR - IP address cannot be empty.
2025-04-21 13:59:04,991 - INFO - Device info for RFCW71D91SP:
{
    "Model": "SM-S911U",
    "Brand": "samsung",
    "Android Version": "14",
    "Serial Number": "RFCW71D91SP",
    "SDK Version": "34",
    "CPU Architecture": "arm64-v8a",
    "Hardware": "qcom",
    "Storage": "Filesystem       Size Used Avail Use% Mounted on\n/dev/block/dm-58 104G  16G   87G  16% /storage/emulated/0/Android/obb",
    "Total Memory": "MemTotal:        7226616 kB",
    "Available Memory": "MemAvailable:    3413892 kB",
    "Resolution": "Physical size: 1080x2340",
    "Density": "Physical density: 480",
    "Timezone": "Asia/Shanghai",
    "Mac": "49: wlan0: <BROADCAST,MULTICAST,UP,LOWER_UP> mtu 1500 qdisc mq state UP group default qlen 3000\n    link/ether 3e:fd:6e:5f:84:c1 brd ff:ff:ff:ff:ff:ff\n    inet 10.10.10.47/23 brd 10.10.11.255 scope global wlan0\n       valid_lft forever preferred_lft forever\n    inet6 fe80::3cfd:6eff:fe5f:84c1/64 scope link \n       valid_lft forever preferred_lft forever"
}
2025-04-21 13:59:08,945 - WARNING - connected to 10.0.0.195:5555
2025-04-21 13:59:08,945 - INFO - 4 devices connected.
2025-04-21 13:59:11,195 - WARNING - 10.0.0.195:5555 is already connected.
2025-04-21 13:59:18,558 - WARNING - connected to 10.0.0.111:5188
2025-04-21 13:59:18,559 - INFO - 5 devices connected.
2025-04-21 13:59:25,694 - INFO - 5 devices connected.
2025-04-21 14:17:06,428 - INFO - 5 devices connected.
2025-04-21 14:17:11,373 - ERROR - IP address cannot be empty.
2025-04-21 14:17:12,507 - INFO - 5 devices connected.
2025-04-21 14:17:14,101 - WARNING - Please select at least one device
2025-04-21 14:17:16,609 - WARNING - No devices selected
2025-04-21 14:17:17,447 - WARNING - No device selected
